time=2024-02-16 05:18:15 level=error msg=Fail Get Consumer event=HTTP|TASK_LIST|GETTASKLIST key= method=GET query= request=GET TASK LIST response=Error 1146 (42S02): Table 'service-task-list.task' doesn't exist response_time=0s status_code=500
time=2024-02-16 05:21:06 level=error msg=Fail Get Consumer event=HTTP|TASK_LIST|GETTASKLIST key= method=GET query= request=GET TASK LIST response=Error 1054 (42S22): Unknown column 'status' in 'field list' response_time=0s status_code=500
time=2024-02-16 05:21:07 level=error msg=Fail Get Consumer event=HTTP|TASK_LIST|GETTASKLIST key= method=GET query= request=GET TASK LIST response=Error 1054 (42S22): Unknown column 'status' in 'field list' response_time=0s status_code=500
time=2024-02-16 05:22:20 level=info msg=Success Get Consumer event=HTTP|TASK_LIST|getConsumer key= method=GET query= request=<nil> response=Success response_time=0s status_code=200
time=2024-02-16 05:26:22 level=info msg=Success Get Task List event=HTTP|TASK_LIST|GETTASKLIST key= method=GET query= request=<nil> response=Success response_time=0s status_code=200
time=2024-02-16 05:29:06 level=info msg=Success Get Task List event=HTTP|TASK_LIST|GETTASKLIST key= method=GET query= request=<nil> response=Success response_time=0s status_code=200
time=2024-02-16 05:29:06 level=info msg=Success Get Task List event=HTTP|TASK_LIST|GETTASKLIST key= method=GET query= request=<nil> response=Success response_time=0s status_code=200
time=2024-02-16 05:29:07 level=info msg=Success Get Task List event=HTTP|TASK_LIST|GETTASKLIST key= method=GET query= request=<nil> response=Success response_time=0s status_code=200
time=2024-02-16 05:29:07 level=info msg=Success Get Task List event=HTTP|TASK_LIST|GETTASKLIST key= method=GET query= request=<nil> response=Success response_time=0s status_code=200
time=2024-02-16 05:46:00 level=info msg=Success Get Task List event=HTTP|TASK_LIST|GETTASKLIST key= method=GET query= request=<nil> response=Success response_time=0s status_code=200
time=2024-02-16 05:49:09 level=info msg=Success Create Task event=Success Create Task|CREATE key= method=POST query= request={Masak Masak sayur sop 2024-02-16 06:00:00 +0000 UTC false} response=<nil> response_time=0s status_code=201
time=2024-02-16 05:50:23 level=info msg=Success Get Task List event=HTTP|TASK_LIST|GETTASKLIST key= method=GET query= request=<nil> response=Success response_time=0s status_code=200
time=2024-02-16 06:07:01 level=info msg=Success Get Task List event=HTTP|TASK_LIST|GETTASKLIST key= method=GET query= request=<nil> response=Success GET HISTORY TASK LIST response_time=0s status_code=200
time=2024-02-16 06:08:06 level=info msg=Success Get Task List event=HTTP|TASK_LIST|GETTASKLIST key= method=GET query= request=<nil> response=Success GET HISTORY TASK LIST response_time=0s status_code=200
time=2024-02-16 07:04:39 level=error msg=Fail CHECKLIST Task event=Fail CHECKLIST Task|CHECKLIST key= method=POST query= request={1 Masak Masak sayur sop 2024-02-16 06:00:00 +0000 UTC true} response=Error 1064 (42000): You have an error in your SQL syntax; check the manual that corresponds to your MySQL server version for the right syntax to use near 'VALUES (?, ?)' at line 1 response_time=0s status_code=500
time=2024-02-16 07:09:08 level=info msg=Success Create Task event=Success Create Task|CREATE key= method=POST query= request={Mencuci Mencuci pakaian dan alat makan 2024-02-16 07:00:00 +0000 UTC false} response=<nil> response_time=0s status_code=201
time=2024-02-16 07:09:36 level=info msg=Success Get Task List event=HTTP|TASK_LIST|GETTASKLIST key= method=GET query= request=<nil> response=Success response_time=0s status_code=200
time=2024-02-16 07:09:54 level=info msg=Success CHECKLIST Task event=Success CHECKLIST Task|CHECKLIST key= method=PUT query= request={1 Masak Masak sayur sop 2024-02-16 06:00:00 +0000 UTC true} response=<nil> response_time=0s status_code=200
time=2024-02-16 07:12:17 level=info msg=Success Get Task List event=HTTP|TASK_LIST|GETTASKLIST key= method=GET query= request=<nil> response=Success GET HISTORY TASK LIST response_time=0s status_code=200
time=2024-02-16 07:13:55 level=info msg=Success Get Task List event=HTTP|TASK_LIST|GETTASKLIST key= method=GET query= request=<nil> response=Success response_time=0s status_code=200
time=2024-02-16 07:37:48 level=info msg=Success Update Task event=Success Update Task|CHECKLIST key= method=PUT query= request={2 Mencuci Pakaian Mencuci pakaian saja 2024-02-16 07:00:00 +0000 UTC false} response=<nil> response_time=0s status_code=200
time=2024-02-16 07:38:41 level=info msg=Success Get Task List event=HTTP|TASK_LIST|GETTASKLIST key= method=GET query= request=<nil> response=Success response_time=0s status_code=200
